{
  "RSpec": {
    "coverage": {
      "/Users/jonathansalfen/Documents/Programming/Projects/Epicodus/solo-projects/epicodus-week-11-solo-project/spec/features/product_pages_spec.rb": [

      ],
      "/Users/jonathansalfen/Documents/Programming/Projects/Epicodus/solo-projects/epicodus-week-11-solo-project/spec/models/product_spec.rb": [
        1,
        null,
        0,
        0,
        0,
        0,
        0,
        0,
        null,
        null,
        0,
        0,
        0,
        null,
        0,
        0,
        0,
        null,
        null,
        null
      ],
      "/Users/jonathansalfen/Documents/Programming/Projects/Epicodus/solo-projects/epicodus-week-11-solo-project/spec/rails_helper.rb": [
        null,
        1,
        1,
        0,
        null,
        0,
        null,
        null,
        0,
        0,
        null,
        null,
        null,
        null,
        null,
        null,
        null,
        null,
        null,
        null,
        null,
        null,
        null,
        null,
        null,
        null,
        null,
        null,
        null,
        0,
        0,
        null,
        0,
        0,
        null,
        0,
        null,
        0,
        null,
        null,
        null,
        null,
        0,
        null,
        null,
        null,
        null,
        null,
        null,
        null,
        null,
        null,
        null,
        null,
        null,
        null,
        null,
        0,
        null,
        null,
        0,
        null,
        null,
        null,
        null,
        0,
        0,
        0,
        0,
        null,
        null
      ],
      "/Users/jonathansalfen/Documents/Programming/Projects/Epicodus/solo-projects/epicodus-week-11-solo-project/spec/models/review_spec.rb": [
        1,
        null,
        0,
        0,
        null
      ]
    },
    "timestamp": 1579990259
  }
}
